This is pdfTeX, Version 3.141592653-2.6-1.40.26 (MiKTeX 24.4) (preloaded format=pdflatex 2024.7.15)  12 OCT 2024 17:43
entering extended mode
 restricted \write18 enabled.
 file:line:error style messages enabled.
 %&-line parsing enabled.
**c:/Users/tomas/OneDrive/Escritorio/plp/plp.tex
(c:/Users/tomas/OneDrive/Escritorio/plp/plp.tex
LaTeX2e <2024-06-01> patch level 2
L3 programming layer <2024-05-27>
(C:\Users\tomas\AppData\Local\Programs\MiKTeX\tex/latex/base\article.cls
Document Class: article 2024/02/08 v1.4n Standard LaTeX document class
(C:\Users\tomas\AppData\Local\Programs\MiKTeX\tex/latex/base\size10.clo
File: size10.clo 2024/02/08 v1.4n Standard LaTeX file (size option)
)
\c@part=\count194
\c@section=\count195
\c@subsection=\count196
\c@subsubsection=\count197
\c@paragraph=\count198
\c@subparagraph=\count199
\c@figure=\count266
\c@table=\count267
\abovecaptionskip=\skip49
\belowcaptionskip=\skip50
\bibindent=\dimen141
) (C:\Users\tomas\AppData\Local\Programs\MiKTeX\tex/latex/blindtext\blindtext.sty
Package: blindtext 2012/01/06 V2.0 blindtext-Package
 (C:\Users\tomas\AppData\Local\Programs\MiKTeX\tex/latex/tools\xspace.sty
Package: xspace 2014/10/28 v1.13 Space after command names (DPC,MH)
)
\c@blindtext=\count268
\c@Blindtext=\count269
\c@blind@countparstart=\count270
\blind@countxx=\count271
\blindtext@numBlindtext=\count272
\blind@countyy=\count273
\c@blindlist=\count274
\c@blindlistlevel=\count275
\c@blindlist@level=\count276
\blind@listitem=\count277
\c@blind@listcount=\count278
\c@blind@levelcount=\count279
\blind@mathformula=\count280
\blind@Mathformula=\count281
\c@blind@randomcount=\count282
\c@blind@randommax=\count283
\c@blind@pangramcount=\count284
\c@blind@pangrammax=\count285
) (C:\Users\tomas\AppData\Local\Programs\MiKTeX\tex/latex/caption\subcaption.sty
Package: subcaption 2023/07/28 v1.6b Sub-captions (AR)
 (C:\Users\tomas\AppData\Local\Programs\MiKTeX\tex/latex/caption\caption.sty
Package: caption 2023/08/05 v3.6o Customizing captions (AR)
 (C:\Users\tomas\AppData\Local\Programs\MiKTeX\tex/latex/caption\caption3.sty
Package: caption3 2023/07/31 v2.4d caption3 kernel (AR)
 (C:\Users\tomas\AppData\Local\Programs\MiKTeX\tex/latex/graphics\keyval.sty
Package: keyval 2022/05/29 v1.15 key=value parser (DPC)
\KV@toks@=\toks17
)
\caption@tempdima=\dimen142
\captionmargin=\dimen143
\caption@leftmargin=\dimen144
\caption@rightmargin=\dimen145
\caption@width=\dimen146
\caption@indent=\dimen147
\caption@parindent=\dimen148
\caption@hangindent=\dimen149
Package caption Info: Standard document class detected.
)
\c@caption@flags=\count286
\c@continuedfloat=\count287
)
Package caption Info: New subtype `subfigure' on input line 238.
\c@subfigure=\count288
Package caption Info: New subtype `subtable' on input line 238.
\c@subtable=\count289
) (C:\Users\tomas\AppData\Local\Programs\MiKTeX\tex/latex/graphics\graphicx.sty
Package: graphicx 2021/09/16 v1.2d Enhanced LaTeX Graphics (DPC,SPQR)
 (C:\Users\tomas\AppData\Local\Programs\MiKTeX\tex/latex/graphics\graphics.sty
Package: graphics 2024/05/23 v1.4g Standard LaTeX Graphics (DPC,SPQR)
 (C:\Users\tomas\AppData\Local\Programs\MiKTeX\tex/latex/graphics\trig.sty
Package: trig 2023/12/02 v1.11 sin cos tan (DPC)
) (C:\Users\tomas\AppData\Local\Programs\MiKTeX\tex/latex/graphics-cfg\graphics.cfg
File: graphics.cfg 2016/06/04 v1.11 sample graphics configuration
)
Package graphics Info: Driver file: pdftex.def on input line 106.
 (C:\Users\tomas\AppData\Local\Programs\MiKTeX\tex/latex/graphics-def\pdftex.def
File: pdftex.def 2024/04/13 v1.2c Graphics/color driver for pdftex
))
\Gin@req@height=\dimen150
\Gin@req@width=\dimen151
) (C:\Users\tomas\AppData\Local\Programs\MiKTeX\tex/latex/pgf/frontendlayer\tikz.sty (C:\Users\tomas\AppData\Local\Programs\MiKTeX\tex/latex/pgf/basiclayer\pgf.sty (C:\Users\tomas\AppData\Local\Programs\MiKTeX\tex/latex/pgf/utilities\pgfrcs.sty (C:\Users\tomas\AppData\Local\Programs\MiKTeX\tex/generic/pgf/utilities\pgfutil-common.tex
\pgfutil@everybye=\toks18
\pgfutil@tempdima=\dimen152
\pgfutil@tempdimb=\dimen153
) (C:\Users\tomas\AppData\Local\Programs\MiKTeX\tex/generic/pgf/utilities\pgfutil-latex.def
\pgfutil@abb=\box52
) (C:\Users\tomas\AppData\Local\Programs\MiKTeX\tex/generic/pgf/utilities\pgfrcs.code.tex (C:\Users\tomas\AppData\Local\Programs\MiKTeX\tex/generic/pgf\pgf.revision.tex)
Package: pgfrcs 2023-01-15 v3.1.10 (3.1.10)
))
Package: pgf 2023-01-15 v3.1.10 (3.1.10)
 (C:\Users\tomas\AppData\Local\Programs\MiKTeX\tex/latex/pgf/basiclayer\pgfcore.sty (C:\Users\tomas\AppData\Local\Programs\MiKTeX\tex/latex/pgf/systemlayer\pgfsys.sty (C:\Users\tomas\AppData\Local\Programs\MiKTeX\tex/generic/pgf/systemlayer\pgfsys.code.tex
Package: pgfsys 2023-01-15 v3.1.10 (3.1.10)
 (C:\Users\tomas\AppData\Local\Programs\MiKTeX\tex/generic/pgf/utilities\pgfkeys.code.tex
\pgfkeys@pathtoks=\toks19
\pgfkeys@temptoks=\toks20
 (C:\Users\tomas\AppData\Local\Programs\MiKTeX\tex/generic/pgf/utilities\pgfkeyslibraryfiltered.code.tex
\pgfkeys@tmptoks=\toks21
))
\pgf@x=\dimen154
\pgf@y=\dimen155
\pgf@xa=\dimen156
\pgf@ya=\dimen157
\pgf@xb=\dimen158
\pgf@yb=\dimen159
\pgf@xc=\dimen160
\pgf@yc=\dimen161
\pgf@xd=\dimen162
\pgf@yd=\dimen163
\w@pgf@writea=\write3
\r@pgf@reada=\read2
\c@pgf@counta=\count290
\c@pgf@countb=\count291
\c@pgf@countc=\count292
\c@pgf@countd=\count293
\t@pgf@toka=\toks22
\t@pgf@tokb=\toks23
\t@pgf@tokc=\toks24
\pgf@sys@id@count=\count294
 (C:\Users\tomas\AppData\Local\Programs\MiKTeX\tex/generic/pgf/systemlayer\pgf.cfg
File: pgf.cfg 2023-01-15 v3.1.10 (3.1.10)
)
Driver file for pgf: pgfsys-pdftex.def
 (C:\Users\tomas\AppData\Local\Programs\MiKTeX\tex/generic/pgf/systemlayer\pgfsys-pdftex.def
File: pgfsys-pdftex.def 2023-01-15 v3.1.10 (3.1.10)
 (C:\Users\tomas\AppData\Local\Programs\MiKTeX\tex/generic/pgf/systemlayer\pgfsys-common-pdf.def
File: pgfsys-common-pdf.def 2023-01-15 v3.1.10 (3.1.10)
))) (C:\Users\tomas\AppData\Local\Programs\MiKTeX\tex/generic/pgf/systemlayer\pgfsyssoftpath.code.tex
File: pgfsyssoftpath.code.tex 2023-01-15 v3.1.10 (3.1.10)
\pgfsyssoftpath@smallbuffer@items=\count295
\pgfsyssoftpath@bigbuffer@items=\count296
) (C:\Users\tomas\AppData\Local\Programs\MiKTeX\tex/generic/pgf/systemlayer\pgfsysprotocol.code.tex
File: pgfsysprotocol.code.tex 2023-01-15 v3.1.10 (3.1.10)
)) (C:\Users\tomas\AppData\Local\Programs\MiKTeX\tex/latex/xcolor\xcolor.sty
Package: xcolor 2023/11/15 v3.01 LaTeX color extensions (UK)
 (C:\Users\tomas\AppData\Local\Programs\MiKTeX\tex/latex/graphics-cfg\color.cfg
File: color.cfg 2016/01/02 v1.6 sample color configuration
)
Package xcolor Info: Driver file: pdftex.def on input line 274.
 (C:\Users\tomas\AppData\Local\Programs\MiKTeX\tex/latex/graphics\mathcolor.ltx)
Package xcolor Info: Model `cmy' substituted by `cmy0' on input line 1350.
Package xcolor Info: Model `hsb' substituted by `rgb' on input line 1354.
Package xcolor Info: Model `RGB' extended on input line 1366.
Package xcolor Info: Model `HTML' substituted by `rgb' on input line 1368.
Package xcolor Info: Model `Hsb' substituted by `hsb' on input line 1369.
Package xcolor Info: Model `tHsb' substituted by `hsb' on input line 1370.
Package xcolor Info: Model `HSB' substituted by `hsb' on input line 1371.
Package xcolor Info: Model `Gray' substituted by `gray' on input line 1372.
Package xcolor Info: Model `wave' substituted by `hsb' on input line 1373.
) (C:\Users\tomas\AppData\Local\Programs\MiKTeX\tex/generic/pgf/basiclayer\pgfcore.code.tex
Package: pgfcore 2023-01-15 v3.1.10 (3.1.10)
 (C:\Users\tomas\AppData\Local\Programs\MiKTeX\tex/generic/pgf/math\pgfmath.code.tex (C:\Users\tomas\AppData\Local\Programs\MiKTeX\tex/generic/pgf/math\pgfmathutil.code.tex) (C:\Users\tomas\AppData\Local\Programs\MiKTeX\tex/generic/pgf/math\pgfmathparser.code.tex
\pgfmath@dimen=\dimen164
\pgfmath@count=\count297
\pgfmath@box=\box53
\pgfmath@toks=\toks25
\pgfmath@stack@operand=\toks26
\pgfmath@stack@operation=\toks27
) (C:\Users\tomas\AppData\Local\Programs\MiKTeX\tex/generic/pgf/math\pgfmathfunctions.code.tex) (C:\Users\tomas\AppData\Local\Programs\MiKTeX\tex/generic/pgf/math\pgfmathfunctions.basic.code.tex) (C:\Users\tomas\AppData\Local\Programs\MiKTeX\tex/generic/pgf/math\pgfmathfunctions.trigonometric.code.tex) (C:\Users\tomas\AppData\Local\Programs\MiKTeX\tex/generic/pgf/math\pgfmathfunctions.random.code.tex) (C:\Users\tomas\AppData\Local\Programs\MiKTeX\tex/generic/pgf/math\pgfmathfunctions.comparison.code.tex) (C:\Users\tomas\AppData\Local\Programs\MiKTeX\tex/generic/pgf/math\pgfmathfunctions.base.code.tex) (C:\Users\tomas\AppData\Local\Programs\MiKTeX\tex/generic/pgf/math\pgfmathfunctions.round.code.tex) (C:\Users\tomas\AppData\Local\Programs\MiKTeX\tex/generic/pgf/math\pgfmathfunctions.misc.code.tex) (C:\Users\tomas\AppData\Local\Programs\MiKTeX\tex/generic/pgf/math\pgfmathfunctions.integerarithmetics.code.tex) (C:\Users\tomas\AppData\Local\Programs\MiKTeX\tex/generic/pgf/math\pgfmathcalc.code.tex) (C:\Users\tomas\AppData\Local\Programs\MiKTeX\tex/generic/pgf/math\pgfmathfloat.code.tex
\c@pgfmathroundto@lastzeros=\count298
)) (C:\Users\tomas\AppData\Local\Programs\MiKTeX\tex/generic/pgf/math\pgfint.code.tex) (C:\Users\tomas\AppData\Local\Programs\MiKTeX\tex/generic/pgf/basiclayer\pgfcorepoints.code.tex
File: pgfcorepoints.code.tex 2023-01-15 v3.1.10 (3.1.10)
\pgf@picminx=\dimen165
\pgf@picmaxx=\dimen166
\pgf@picminy=\dimen167
\pgf@picmaxy=\dimen168
\pgf@pathminx=\dimen169
\pgf@pathmaxx=\dimen170
\pgf@pathminy=\dimen171
\pgf@pathmaxy=\dimen172
\pgf@xx=\dimen173
\pgf@xy=\dimen174
\pgf@yx=\dimen175
\pgf@yy=\dimen176
\pgf@zx=\dimen177
\pgf@zy=\dimen178
) (C:\Users\tomas\AppData\Local\Programs\MiKTeX\tex/generic/pgf/basiclayer\pgfcorepathconstruct.code.tex
File: pgfcorepathconstruct.code.tex 2023-01-15 v3.1.10 (3.1.10)
\pgf@path@lastx=\dimen179
\pgf@path@lasty=\dimen180
) (C:\Users\tomas\AppData\Local\Programs\MiKTeX\tex/generic/pgf/basiclayer\pgfcorepathusage.code.tex
File: pgfcorepathusage.code.tex 2023-01-15 v3.1.10 (3.1.10)
\pgf@shorten@end@additional=\dimen181
\pgf@shorten@start@additional=\dimen182
) (C:\Users\tomas\AppData\Local\Programs\MiKTeX\tex/generic/pgf/basiclayer\pgfcorescopes.code.tex
File: pgfcorescopes.code.tex 2023-01-15 v3.1.10 (3.1.10)
\pgfpic=\box54
\pgf@hbox=\box55
\pgf@layerbox@main=\box56
\pgf@picture@serial@count=\count299
) (C:\Users\tomas\AppData\Local\Programs\MiKTeX\tex/generic/pgf/basiclayer\pgfcoregraphicstate.code.tex
File: pgfcoregraphicstate.code.tex 2023-01-15 v3.1.10 (3.1.10)
\pgflinewidth=\dimen183
) (C:\Users\tomas\AppData\Local\Programs\MiKTeX\tex/generic/pgf/basiclayer\pgfcoretransformations.code.tex
File: pgfcoretransformations.code.tex 2023-01-15 v3.1.10 (3.1.10)
\pgf@pt@x=\dimen184
\pgf@pt@y=\dimen185
\pgf@pt@temp=\dimen186
) (C:\Users\tomas\AppData\Local\Programs\MiKTeX\tex/generic/pgf/basiclayer\pgfcorequick.code.tex
File: pgfcorequick.code.tex 2023-01-15 v3.1.10 (3.1.10)
) (C:\Users\tomas\AppData\Local\Programs\MiKTeX\tex/generic/pgf/basiclayer\pgfcoreobjects.code.tex
File: pgfcoreobjects.code.tex 2023-01-15 v3.1.10 (3.1.10)
) (C:\Users\tomas\AppData\Local\Programs\MiKTeX\tex/generic/pgf/basiclayer\pgfcorepathprocessing.code.tex
File: pgfcorepathprocessing.code.tex 2023-01-15 v3.1.10 (3.1.10)
) (C:\Users\tomas\AppData\Local\Programs\MiKTeX\tex/generic/pgf/basiclayer\pgfcorearrows.code.tex
File: pgfcorearrows.code.tex 2023-01-15 v3.1.10 (3.1.10)
\pgfarrowsep=\dimen187
) (C:\Users\tomas\AppData\Local\Programs\MiKTeX\tex/generic/pgf/basiclayer\pgfcoreshade.code.tex
File: pgfcoreshade.code.tex 2023-01-15 v3.1.10 (3.1.10)
\pgf@max=\dimen188
\pgf@sys@shading@range@num=\count300
\pgf@shadingcount=\count301
) (C:\Users\tomas\AppData\Local\Programs\MiKTeX\tex/generic/pgf/basiclayer\pgfcoreimage.code.tex
File: pgfcoreimage.code.tex 2023-01-15 v3.1.10 (3.1.10)
) (C:\Users\tomas\AppData\Local\Programs\MiKTeX\tex/generic/pgf/basiclayer\pgfcoreexternal.code.tex
File: pgfcoreexternal.code.tex 2023-01-15 v3.1.10 (3.1.10)
\pgfexternal@startupbox=\box57
) (C:\Users\tomas\AppData\Local\Programs\MiKTeX\tex/generic/pgf/basiclayer\pgfcorelayers.code.tex
File: pgfcorelayers.code.tex 2023-01-15 v3.1.10 (3.1.10)
) (C:\Users\tomas\AppData\Local\Programs\MiKTeX\tex/generic/pgf/basiclayer\pgfcoretransparency.code.tex
File: pgfcoretransparency.code.tex 2023-01-15 v3.1.10 (3.1.10)
) (C:\Users\tomas\AppData\Local\Programs\MiKTeX\tex/generic/pgf/basiclayer\pgfcorepatterns.code.tex
File: pgfcorepatterns.code.tex 2023-01-15 v3.1.10 (3.1.10)
) (C:\Users\tomas\AppData\Local\Programs\MiKTeX\tex/generic/pgf/basiclayer\pgfcorerdf.code.tex
File: pgfcorerdf.code.tex 2023-01-15 v3.1.10 (3.1.10)
))) (C:\Users\tomas\AppData\Local\Programs\MiKTeX\tex/generic/pgf/modules\pgfmoduleshapes.code.tex
File: pgfmoduleshapes.code.tex 2023-01-15 v3.1.10 (3.1.10)
\pgfnodeparttextbox=\box58
) (C:\Users\tomas\AppData\Local\Programs\MiKTeX\tex/generic/pgf/modules\pgfmoduleplot.code.tex
File: pgfmoduleplot.code.tex 2023-01-15 v3.1.10 (3.1.10)
) (C:\Users\tomas\AppData\Local\Programs\MiKTeX\tex/latex/pgf/compatibility\pgfcomp-version-0-65.sty
Package: pgfcomp-version-0-65 2023-01-15 v3.1.10 (3.1.10)
\pgf@nodesepstart=\dimen189
\pgf@nodesepend=\dimen190
) (C:\Users\tomas\AppData\Local\Programs\MiKTeX\tex/latex/pgf/compatibility\pgfcomp-version-1-18.sty
Package: pgfcomp-version-1-18 2023-01-15 v3.1.10 (3.1.10)
)) (C:\Users\tomas\AppData\Local\Programs\MiKTeX\tex/latex/pgf/utilities\pgffor.sty (C:\Users\tomas\AppData\Local\Programs\MiKTeX\tex/latex/pgf/utilities\pgfkeys.sty (C:\Users\tomas\AppData\Local\Programs\MiKTeX\tex/generic/pgf/utilities\pgfkeys.code.tex)) (C:\Users\tomas\AppData\Local\Programs\MiKTeX\tex/latex/pgf/math\pgfmath.sty (C:\Users\tomas\AppData\Local\Programs\MiKTeX\tex/generic/pgf/math\pgfmath.code.tex)) (C:\Users\tomas\AppData\Local\Programs\MiKTeX\tex/generic/pgf/utilities\pgffor.code.tex
Package: pgffor 2023-01-15 v3.1.10 (3.1.10)
\pgffor@iter=\dimen191
\pgffor@skip=\dimen192
\pgffor@stack=\toks28
\pgffor@toks=\toks29
)) (C:\Users\tomas\AppData\Local\Programs\MiKTeX\tex/generic/pgf/frontendlayer/tikz\tikz.code.tex
Package: tikz 2023-01-15 v3.1.10 (3.1.10)
 (C:\Users\tomas\AppData\Local\Programs\MiKTeX\tex/generic/pgf/libraries\pgflibraryplothandlers.code.tex
File: pgflibraryplothandlers.code.tex 2023-01-15 v3.1.10 (3.1.10)
\pgf@plot@mark@count=\count302
\pgfplotmarksize=\dimen193
)
\tikz@lastx=\dimen194
\tikz@lasty=\dimen195
\tikz@lastxsaved=\dimen196
\tikz@lastysaved=\dimen197
\tikz@lastmovetox=\dimen198
\tikz@lastmovetoy=\dimen199
\tikzleveldistance=\dimen256
\tikzsiblingdistance=\dimen257
\tikz@figbox=\box59
\tikz@figbox@bg=\box60
\tikz@tempbox=\box61
\tikz@tempbox@bg=\box62
\tikztreelevel=\count303
\tikznumberofchildren=\count304
\tikznumberofcurrentchild=\count305
\tikz@fig@count=\count306
 (C:\Users\tomas\AppData\Local\Programs\MiKTeX\tex/generic/pgf/modules\pgfmodulematrix.code.tex
File: pgfmodulematrix.code.tex 2023-01-15 v3.1.10 (3.1.10)
\pgfmatrixcurrentrow=\count307
\pgfmatrixcurrentcolumn=\count308
\pgf@matrix@numberofcolumns=\count309
)
\tikz@expandcount=\count310
 (C:\Users\tomas\AppData\Local\Programs\MiKTeX\tex/generic/pgf/frontendlayer/tikz/libraries\tikzlibrarytopaths.code.tex
File: tikzlibrarytopaths.code.tex 2023-01-15 v3.1.10 (3.1.10)
))) (C:\Users\tomas\AppData\Local\Programs\MiKTeX\tex/latex/amsfonts\amssymb.sty
Package: amssymb 2013/01/14 v3.01 AMS font symbols
 (C:\Users\tomas\AppData\Local\Programs\MiKTeX\tex/latex/amsfonts\amsfonts.sty
Package: amsfonts 2013/01/14 v3.01 Basic AMSFonts support
\@emptytoks=\toks30
\symAMSa=\mathgroup4
\symAMSb=\mathgroup5
LaTeX Font Info:    Redeclaring math symbol \hbar on input line 98.
LaTeX Font Info:    Overwriting math alphabet `\mathfrak' in version `bold'
(Font)                  U/euf/m/n --> U/euf/b/n on input line 106.
)) (C:\Users\tomas\AppData\Local\Programs\MiKTeX\tex/latex/amsmath\amsmath.sty
Package: amsmath 2024/05/23 v2.17q AMS math features
\@mathmargin=\skip51

For additional information on amsmath, use the `?' option.
(C:\Users\tomas\AppData\Local\Programs\MiKTeX\tex/latex/amsmath\amstext.sty
Package: amstext 2021/08/26 v2.01 AMS text
 (C:\Users\tomas\AppData\Local\Programs\MiKTeX\tex/latex/amsmath\amsgen.sty
File: amsgen.sty 1999/11/30 v2.0 generic functions
\@emptytoks=\toks31
\ex@=\dimen258
)) (C:\Users\tomas\AppData\Local\Programs\MiKTeX\tex/latex/amsmath\amsbsy.sty
Package: amsbsy 1999/11/29 v1.2d Bold Symbols
\pmbraise@=\dimen259
) (C:\Users\tomas\AppData\Local\Programs\MiKTeX\tex/latex/amsmath\amsopn.sty
Package: amsopn 2022/04/08 v2.04 operator names
)
\inf@bad=\count311
LaTeX Info: Redefining \frac on input line 233.
\uproot@=\count312
\leftroot@=\count313
LaTeX Info: Redefining \overline on input line 398.
LaTeX Info: Redefining \colon on input line 409.
\classnum@=\count314
\DOTSCASE@=\count315
LaTeX Info: Redefining \ldots on input line 495.
LaTeX Info: Redefining \dots on input line 498.
LaTeX Info: Redefining \cdots on input line 619.
\Mathstrutbox@=\box63
\strutbox@=\box64
LaTeX Info: Redefining \big on input line 721.
LaTeX Info: Redefining \Big on input line 722.
LaTeX Info: Redefining \bigg on input line 723.
LaTeX Info: Redefining \Bigg on input line 724.
\big@size=\dimen260
LaTeX Font Info:    Redeclaring font encoding OML on input line 742.
LaTeX Font Info:    Redeclaring font encoding OMS on input line 743.
\macc@depth=\count316
LaTeX Info: Redefining \bmod on input line 904.
LaTeX Info: Redefining \pmod on input line 909.
LaTeX Info: Redefining \smash on input line 939.
LaTeX Info: Redefining \relbar on input line 969.
LaTeX Info: Redefining \Relbar on input line 970.
\c@MaxMatrixCols=\count317
\dotsspace@=\muskip17
\c@parentequation=\count318
\dspbrk@lvl=\count319
\tag@help=\toks32
\row@=\count320
\column@=\count321
\maxfields@=\count322
\andhelp@=\toks33
\eqnshift@=\dimen261
\alignsep@=\dimen262
\tagshift@=\dimen263
\tagwidth@=\dimen264
\totwidth@=\dimen265
\lineht@=\dimen266
\@envbody=\toks34
\multlinegap=\skip52
\multlinetaggap=\skip53
\mathdisplay@stack=\toks35
LaTeX Info: Redefining \[ on input line 2953.
LaTeX Info: Redefining \] on input line 2954.
) (C:\Users\tomas\AppData\Local\Programs\MiKTeX\tex/latex/circuitikz\circuitikz.sty
Package: circuitikz 2024/05/25{} The CircuiTikz circuit drawing package version 1.6.9
 (C:\Users\tomas\AppData\Local\Programs\MiKTeX\tex/generic/pgf/frontendlayer/tikz/libraries\tikzlibrarycalc.code.tex
File: tikzlibrarycalc.code.tex 2023-01-15 v3.1.10 (3.1.10)
) (C:\Users\tomas\AppData\Local\Programs\MiKTeX\tex/generic/pgf/libraries\pgflibraryarrows.meta.code.tex
File: pgflibraryarrows.meta.code.tex 2023-01-15 v3.1.10 (3.1.10)
\pgfarrowinset=\dimen267
\pgfarrowlength=\dimen268
\pgfarrowwidth=\dimen269
\pgfarrowlinewidth=\dimen270
) (C:\Users\tomas\AppData\Local\Programs\MiKTeX\tex/generic/pgf/frontendlayer/tikz/libraries\tikzlibrarybending.code.tex
File: tikzlibrarybending.code.tex 2023-01-15 v3.1.10 (3.1.10)
 (C:\Users\tomas\AppData\Local\Programs\MiKTeX\tex/generic/pgf/modules\pgfmodulebending.code.tex
File: pgfmodulebending.code.tex 2023-01-15 v3.1.10 (3.1.10)
 (C:\Users\tomas\AppData\Local\Programs\MiKTeX\tex/generic/pgf/modules\pgfmodulenonlineartransformations.code.tex
File: pgfmodulenonlineartransformations.code.tex 2023-01-15 v3.1.10 (3.1.10)
\pgftransformnonlinearflatness=\dimen271
) (C:\Users\tomas\AppData\Local\Programs\MiKTeX\tex/generic/pgf/libraries\pgflibrarycurvilinear.code.tex
File: pgflibrarycurvilinear.code.tex 2023-01-15 v3.1.10 (3.1.10)
\pgf@curvilinear@time@a=\dimen272
\pgf@curvilinear@length@a=\dimen273
\pgf@curvilinear@length@b=\dimen274
\pgf@curvilinear@length@c=\dimen275
\pgf@curvilinear@length@d=\dimen276
)
\pgf@arrows@the@rigidity=\dimen277
)) (C:\Users\tomas\AppData\Local\Programs\MiKTeX\tex/generic/pgf/frontendlayer/tikz/libraries\tikzlibraryfpu.code.tex (C:\Users\tomas\AppData\Local\Programs\MiKTeX\tex/generic/pgf/libraries\pgflibraryfpu.code.tex)) (C:\Users\tomas\AppData\Local\Programs\MiKTeX\tex/generic/circuitikz\pgfcirc.defines.tex
\pgf@circ@count@a=\count323
\pgf@circ@count@b=\count324
\pgf@circ@count@c=\count325
\pgf@circ@res@up=\dimen278
\pgf@circ@res@down=\dimen279
\pgf@circ@res@zero=\dimen280
\pgf@circ@res@left=\dimen281
\pgf@circ@res@right=\dimen282
\pgf@circ@res@other=\dimen283
\pgf@circ@res@step=\dimen284
\pgf@circ@res@temp=\dimen285
\pgf@circ@Rlen=\dimen286
\pgf@circ@scaled@Rlen=\dimen287
\pgfstartlinewidth=\dimen288
) (C:\Users\tomas\AppData\Local\Programs\MiKTeX\tex/generic/circuitikz\pgfcircutils.tex
\ctikz@scratchbox=\box65
) (C:\Users\tomas\AppData\Local\Programs\MiKTeX\tex/generic/circuitikz\pgfcircpath.tex) (C:\Users\tomas\AppData\Local\Programs\MiKTeX\tex/generic/circuitikz\pgfcircshapes.tex) (C:\Users\tomas\AppData\Local\Programs\MiKTeX\tex/generic/circuitikz\pgfcircmonopoles.tex) (C:\Users\tomas\AppData\Local\Programs\MiKTeX\tex/generic/circuitikz\pgfcircbipoles.tex) (C:\Users\tomas\AppData\Local\Programs\MiKTeX\tex/generic/circuitikz\pgfcirctripoles.tex
\pgf@circ@res@count=\count326
) (C:\Users\tomas\AppData\Local\Programs\MiKTeX\tex/generic/circuitikz\pgfcircquadpoles.tex) (C:\Users\tomas\AppData\Local\Programs\MiKTeX\tex/generic/circuitikz\pgfcircmultipoles.tex) (C:\Users\tomas\AppData\Local\Programs\MiKTeX\tex/generic/circuitikz\pgfcirclabel.tex) (C:\Users\tomas\AppData\Local\Programs\MiKTeX\tex/generic/circuitikz\pgfcircvoltage.tex
\pgfcirc@labelshift=\dimen289
) (C:\Users\tomas\AppData\Local\Programs\MiKTeX\tex/generic/circuitikz\pgfcirccurrent.tex) (C:\Users\tomas\AppData\Local\Programs\MiKTeX\tex/generic/circuitikz\pgfcircflow.tex)) (C:\Users\tomas\AppData\Local\Programs\MiKTeX\tex/latex/hyperref\hyperref.sty
Package: hyperref 2024-05-23 v7.01i Hypertext links for LaTeX
 (C:\Users\tomas\AppData\Local\Programs\MiKTeX\tex/generic/iftex\iftex.sty
Package: iftex 2022/02/03 v1.0f TeX engine tests
) (C:\Users\tomas\AppData\Local\Programs\MiKTeX\tex/latex/kvsetkeys\kvsetkeys.sty
Package: kvsetkeys 2022-10-05 v1.19 Key value parser (HO)
) (C:\Users\tomas\AppData\Local\Programs\MiKTeX\tex/generic/kvdefinekeys\kvdefinekeys.sty
Package: kvdefinekeys 2019-12-19 v1.6 Define keys (HO)
) (C:\Users\tomas\AppData\Local\Programs\MiKTeX\tex/generic/pdfescape\pdfescape.sty
Package: pdfescape 2019/12/09 v1.15 Implements pdfTeX's escape features (HO)
 (C:\Users\tomas\AppData\Local\Programs\MiKTeX\tex/generic/ltxcmds\ltxcmds.sty
Package: ltxcmds 2023-12-04 v1.26 LaTeX kernel commands for general use (HO)
) (C:\Users\tomas\AppData\Local\Programs\MiKTeX\tex/generic/pdftexcmds\pdftexcmds.sty
Package: pdftexcmds 2020-06-27 v0.33 Utility functions of pdfTeX for LuaTeX (HO)
 (C:\Users\tomas\AppData\Local\Programs\MiKTeX\tex/generic/infwarerr\infwarerr.sty
Package: infwarerr 2019/12/03 v1.5 Providing info/warning/error messages (HO)
)
Package pdftexcmds Info: \pdf@primitive is available.
Package pdftexcmds Info: \pdf@ifprimitive is available.
Package pdftexcmds Info: \pdfdraftmode found.
)) (C:\Users\tomas\AppData\Local\Programs\MiKTeX\tex/latex/hycolor\hycolor.sty
Package: hycolor 2020-01-27 v1.10 Color options for hyperref/bookmark (HO)
) (C:\Users\tomas\AppData\Local\Programs\MiKTeX\tex/latex/hyperref\nameref.sty
Package: nameref 2023-11-26 v2.56 Cross-referencing by name of section
 (C:\Users\tomas\AppData\Local\Programs\MiKTeX\tex/latex/refcount\refcount.sty
Package: refcount 2019/12/15 v3.6 Data extraction from label references (HO)
) (C:\Users\tomas\AppData\Local\Programs\MiKTeX\tex/generic/gettitlestring\gettitlestring.sty
Package: gettitlestring 2019/12/15 v1.6 Cleanup title references (HO)
 (C:\Users\tomas\AppData\Local\Programs\MiKTeX\tex/latex/kvoptions\kvoptions.sty
Package: kvoptions 2022-06-15 v3.15 Key value format for package options (HO)
))
\c@section@level=\count327
) (C:\Users\tomas\AppData\Local\Programs\MiKTeX\tex/latex/etoolbox\etoolbox.sty
Package: etoolbox 2020/10/05 v2.5k e-TeX tools for LaTeX (JAW)
\etb@tempcnta=\count328
) (C:\Users\tomas\AppData\Local\Programs\MiKTeX\tex/generic/stringenc\stringenc.sty
Package: stringenc 2019/11/29 v1.12 Convert strings between diff. encodings (HO)
)
\@linkdim=\dimen290
\Hy@linkcounter=\count329
\Hy@pagecounter=\count330
 (C:\Users\tomas\AppData\Local\Programs\MiKTeX\tex/latex/hyperref\pd1enc.def
File: pd1enc.def 2024-05-23 v7.01i Hyperref: PDFDocEncoding definition (HO)
Now handling font encoding PD1 ...
... no UTF-8 mapping file for font encoding PD1
) (C:\Users\tomas\AppData\Local\Programs\MiKTeX\tex/generic/intcalc\intcalc.sty
Package: intcalc 2019/12/15 v1.3 Expandable calculations with integers (HO)
)
\Hy@SavedSpaceFactor=\count331
 (C:\Users\tomas\AppData\Local\Programs\MiKTeX\tex/latex/hyperref\puenc.def
File: puenc.def 2024-05-23 v7.01i Hyperref: PDF Unicode definition (HO)
Now handling font encoding PU ...
... no UTF-8 mapping file for font encoding PU
)
Package hyperref Info: Hyper figures OFF on input line 4157.
Package hyperref Info: Link nesting OFF on input line 4162.
Package hyperref Info: Hyper index ON on input line 4165.
Package hyperref Info: Plain pages OFF on input line 4172.
Package hyperref Info: Backreferencing OFF on input line 4177.
Package hyperref Info: Implicit mode ON; LaTeX internals redefined.
Package hyperref Info: Bookmarks ON on input line 4424.
\c@Hy@tempcnt=\count332
 (C:\Users\tomas\AppData\Local\Programs\MiKTeX\tex/latex/url\url.sty
\Urlmuskip=\muskip18
Package: url 2013/09/16  ver 3.4  Verb mode for urls, etc.
)
LaTeX Info: Redefining \url on input line 4763.
\XeTeXLinkMargin=\dimen291
 (C:\Users\tomas\AppData\Local\Programs\MiKTeX\tex/generic/bitset\bitset.sty
Package: bitset 2019/12/09 v1.3 Handle bit-vector datatype (HO)
 (C:\Users\tomas\AppData\Local\Programs\MiKTeX\tex/generic/bigintcalc\bigintcalc.sty
Package: bigintcalc 2019/12/15 v1.5 Expandable calculations on big integers (HO)
))
\Fld@menulength=\count333
\Field@Width=\dimen292
\Fld@charsize=\dimen293
Package hyperref Info: Hyper figures OFF on input line 6042.
Package hyperref Info: Link nesting OFF on input line 6047.
Package hyperref Info: Hyper index ON on input line 6050.
Package hyperref Info: backreferencing OFF on input line 6057.
Package hyperref Info: Link coloring OFF on input line 6062.
Package hyperref Info: Link coloring with OCG OFF on input line 6067.
Package hyperref Info: PDF/A mode OFF on input line 6072.
 (C:\Users\tomas\AppData\Local\Programs\MiKTeX\tex/latex/base\atbegshi-ltx.sty
Package: atbegshi-ltx 2021/01/10 v1.0c Emulation of the original atbegshi
package with kernel methods
)
\Hy@abspage=\count334
\c@Item=\count335
\c@Hfootnote=\count336
)
Package hyperref Info: Driver (autodetected): hpdftex.
 (C:\Users\tomas\AppData\Local\Programs\MiKTeX\tex/latex/hyperref\hpdftex.def
File: hpdftex.def 2024-05-23 v7.01i Hyperref driver for pdfTeX
 (C:\Users\tomas\AppData\Local\Programs\MiKTeX\tex/latex/base\atveryend-ltx.sty
Package: atveryend-ltx 2020/08/19 v1.0a Emulation of the original atveryend package
with kernel methods
)
\Fld@listcount=\count337
\c@bookmark@seq@number=\count338
 (C:\Users\tomas\AppData\Local\Programs\MiKTeX\tex/latex/rerunfilecheck\rerunfilecheck.sty
Package: rerunfilecheck 2022-07-10 v1.10 Rerun checks for auxiliary files (HO)
 (C:\Users\tomas\AppData\Local\Programs\MiKTeX\tex/generic/uniquecounter\uniquecounter.sty
Package: uniquecounter 2019/12/15 v1.4 Provide unlimited unique counter (HO)
)
Package uniquecounter Info: New unique counter `rerunfilecheck' on input line 285.
)
\Hy@SectionHShift=\skip54
) (C:\Users\tomas\AppData\Local\Programs\MiKTeX\tex/latex/listings\listings.sty
\lst@mode=\count339
\lst@gtempboxa=\box66
\lst@token=\toks36
\lst@length=\count340
\lst@currlwidth=\dimen294
\lst@column=\count341
\lst@pos=\count342
\lst@lostspace=\dimen295
\lst@width=\dimen296
\lst@newlines=\count343
\lst@lineno=\count344
\lst@maxwidth=\dimen297
 (C:\Users\tomas\AppData\Local\Programs\MiKTeX\tex/latex/listings\lstpatch.sty
File: lstpatch.sty 2024/05/25 1.10b (Carsten Heinz)
) (C:\Users\tomas\AppData\Local\Programs\MiKTeX\tex/latex/listings\lstmisc.sty
File: lstmisc.sty 2024/05/25 1.10b (Carsten Heinz)
\c@lstnumber=\count345
\lst@skipnumbers=\count346
\lst@framebox=\box67
) (C:\Users\tomas\AppData\Local\Programs\MiKTeX\tex/latex/listings\listings.cfg
File: listings.cfg 2024/05/25 1.10b listings configuration
))
Package: listings 2024/05/25 1.10b (Carsten Heinz)
 (AEDmacros.tex (C:\Users\tomas\AppData\Local\Programs\MiKTeX\tex/generic/babel\babel.sty
Package: babel 2024/06/26 v24.7 The Babel package
\babel@savecnt=\count347
\U@D=\dimen298
\l@unhyphenated=\language79
 (C:\Users\tomas\AppData\Local\Programs\MiKTeX\tex/generic/babel\txtbabel.def)
\bbl@readstream=\read3
\bbl@dirlevel=\count348

*************************************
* Local config file bblopts.cfg used
*
(C:\Users\tomas\AppData\Local\Programs\MiKTeX\tex/latex/arabi\bblopts.cfg
File: bblopts.cfg 2005/09/08 v0.1 add Arabic and Farsi to "declared" options of babel
) (C:\Users\tomas\AppData\Local\Programs\MiKTeX\tex/latex/babel-spanish\spanish.ldf
Language: spanish.ldf 2021/05/27 v5.0q Spanish support from the babel system
\es@quottoks=\toks37
\es@quotdepth=\count349
Package babel Info: Making " an active character on input line 570.
Package babel Info: Making . an active character on input line 675.
Package babel Info: Making < an active character on input line 722.
Package babel Info: Making > an active character on input line 722.
Package babel Info: Making ' an active character on input line 740.
)) (C:\Users\tomas\AppData\Local\Programs\MiKTeX\tex/generic/babel/locale/es\babel-spanish.tex
Package babel Info: Importing font and identification data for spanish
(babel)             from babel-es.ini. Reported on input line 11.
) (C:\Users\tomas\AppData\Local\Programs\MiKTeX\tex/latex/base\inputenc.sty
Package: inputenc 2024/02/08 v1.3d Input encoding file
\inpenc@prehook=\toks38
\inpenc@posthook=\toks39
) (C:\Users\tomas\AppData\Local\Programs\MiKTeX\tex/latex/base\ifthen.sty
Package: ifthen 2024/03/16 v1.1e Standard LaTeX ifthen package (DPC)
) (C:\Users\tomas\AppData\Local\Programs\MiKTeX\tex/latex/doublestroke\dsfont.sty
Package: dsfont 1995/08/01 v0.1 Double stroke roman fonts
) (C:\Users\tomas\AppData\Local\Programs\MiKTeX\tex/latex/changepage\changepage.sty
Package: changepage 2009/10/20 v1.0c check page and change page layout
\c@cp@cntr=\count350
\cp@tempcnt=\count351
) (C:\Users\tomas\AppData\Local\Programs\MiKTeX\tex/latex/geometry\geometry.sty
Package: geometry 2020/01/02 v5.9 Page Geometry
 (C:\Users\tomas\AppData\Local\Programs\MiKTeX\tex/generic/iftex\ifvtex.sty
Package: ifvtex 2019/10/25 v1.7 ifvtex legacy package. Use iftex instead.
)
\Gm@cnth=\count352
\Gm@cntv=\count353
\c@Gm@tempcnt=\count354
\Gm@bindingoffset=\dimen299
\Gm@wd@mp=\dimen300
\Gm@odd@mp=\dimen301
\Gm@even@mp=\dimen302
\Gm@layoutwidth=\dimen303
\Gm@layoutheight=\dimen304
\Gm@layouthoffset=\dimen305
\Gm@layoutvoffset=\dimen306
\Gm@dimlist=\toks40
 (C:\Users\tomas\AppData\Local\Programs\MiKTeX\tex/latex/geometry\geometry.cfg)) (C:\Users\tomas\AppData\Local\Programs\MiKTeX\tex/latex/listings\lstlang1.sty
File: lstlang1.sty 2024/05/25 1.10b listings language file
)) (C:\Users\tomas\AppData\Local\Programs\MiKTeX\tex/latex/l3backend\l3backend-pdftex.def
File: l3backend-pdftex.def 2024-05-08 L3 backend support: PDF output (pdfTeX)
\l__color_backend_stack_int=\count355
\l__pdf_internal_box=\box68
) (plp.aux
LaTeX Info: Redefining \. on input line 12.
LaTeX Info: Redefining \% on input line 12.
)
\openout1 = `plp.aux'.

LaTeX Font Info:    Checking defaults for OML/cmm/m/it on input line 54.
LaTeX Font Info:    ... okay on input line 54.
LaTeX Font Info:    Checking defaults for OMS/cmsy/m/n on input line 54.
LaTeX Font Info:    ... okay on input line 54.
LaTeX Font Info:    Checking defaults for OT1/cmr/m/n on input line 54.
LaTeX Font Info:    ... okay on input line 54.
LaTeX Font Info:    Checking defaults for T1/cmr/m/n on input line 54.
LaTeX Font Info:    ... okay on input line 54.
LaTeX Font Info:    Checking defaults for TS1/cmr/m/n on input line 54.
LaTeX Font Info:    ... okay on input line 54.
LaTeX Font Info:    Checking defaults for OMX/cmex/m/n on input line 54.
LaTeX Font Info:    ... okay on input line 54.
LaTeX Font Info:    Checking defaults for U/cmr/m/n on input line 54.
LaTeX Font Info:    ... okay on input line 54.
LaTeX Font Info:    Checking defaults for PD1/pdf/m/n on input line 54.
LaTeX Font Info:    ... okay on input line 54.
LaTeX Font Info:    Checking defaults for PU/pdf/m/n on input line 54.
LaTeX Font Info:    ... okay on input line 54.
Package caption Info: Begin \AtBeginDocument code.
Package caption Info: changepage package is loaded.
\caption@adjustwidth@hsize=\dimen307
\caption@adjustwidth@linewidth=\dimen308
Package caption Info: hyperref package is loaded.
Package caption Info: listings package is loaded.
Package caption Info: End \AtBeginDocument code.
 (C:\Users\tomas\AppData\Local\Programs\MiKTeX\tex/context/base/mkii\supp-pdf.mkii
[Loading MPS to PDF converter (version 2006.09.02).]
\scratchcounter=\count356
\scratchdimen=\dimen309
\scratchbox=\box69
\nofMPsegments=\count357
\nofMParguments=\count358
\everyMPshowfont=\toks41
\MPscratchCnt=\count359
\MPscratchDim=\dimen310
\MPnumerator=\count360
\makeMPintoPDFobject=\count361
\everyMPtoPDFconversion=\toks42
) (C:\Users\tomas\AppData\Local\Programs\MiKTeX\tex/latex/epstopdf-pkg\epstopdf-base.sty
Package: epstopdf-base 2020-01-24 v2.11 Base part for package epstopdf
Package epstopdf-base Info: Redefining graphics rule for `.eps' on input line 485.
 (C:\Users\tomas\AppData\Local\Programs\MiKTeX\tex/latex/00miktex\epstopdf-sys.cfg
File: epstopdf-sys.cfg 2021/03/18 v2.0 Configuration of epstopdf for MiKTeX
))
Package hyperref Info: Link coloring OFF on input line 54.
 (plp.out) (plp.out)
\@outlinefile=\write4
\openout4 = `plp.out'.

\c@lstlisting=\count362
LaTeX Info: Redefining \. on input line 54.
LaTeX Info: Redefining \% on input line 54.

*geometry* driver: auto-detecting
*geometry* detected driver: pdftex
*geometry* verbose mode - [ preamble ] result:
* driver: pdftex
* paper: a4paper
* layout: <same size as paper>
* layoutoffset:(h,v)=(0.0pt,0.0pt)
* modes: 
* h-part:(L,W,R)=(28.45274pt, 540.60239pt, 28.45274pt)
* v-part:(T,H,B)=(28.45274pt, 759.6886pt, 56.9055pt)
* \paperwidth=597.50787pt
* \paperheight=845.04684pt
* \textwidth=540.60239pt
* \textheight=759.6886pt
* \oddsidemargin=-43.81725pt
* \evensidemargin=-43.81725pt
* \topmargin=-80.81725pt
* \headheight=12.0pt
* \headsep=25.0pt
* \topskip=10.0pt
* \footskip=30.0pt
* \marginparwidth=57.0pt
* \marginparsep=11.0pt
* \columnsep=10.0pt
* \skip\footins=9.0pt plus 4.0pt minus 2.0pt
* \hoffset=0.0pt
* \voffset=0.0pt
* \mag=1000
* \@twocolumnfalse
* \@twosidefalse
* \@mparswitchfalse
* \@reversemarginfalse
* (1in=72.27pt=25.4mm, 1cm=28.453pt)

LaTeX Font Info:    Trying to load font information for U+msa on input line 56.
(C:\Users\tomas\AppData\Local\Programs\MiKTeX\tex/latex/amsfonts\umsa.fd
File: umsa.fd 2013/01/14 v3.01 AMS symbols A
)
LaTeX Font Info:    Trying to load font information for U+msb on input line 56.
 (C:\Users\tomas\AppData\Local\Programs\MiKTeX\tex/latex/amsfonts\umsb.fd
File: umsb.fd 2013/01/14 v3.01 AMS symbols B
)
<logo_uba.jpg, id=194, 225.4824pt x 231.7458pt>
File: logo_uba.jpg Graphic file (type jpg)
<use logo_uba.jpg>
Package pdftex.def Info: logo_uba.jpg  used on input line 62.
(pdftex.def)             Requested size: 270.3012pt x 277.82481pt.


[1

{C:/Users/tomas/AppData/Local/MiKTeX/fonts/map/pdftex/pdftex.map} <./logo_uba.jpg>]
LaTeX Font Info:    Trying to load font information for OML+cmr on input line 104.
 (C:\Users\tomas\AppData\Local\Programs\MiKTeX\tex/latex/base\omlcmr.fd
File: omlcmr.fd 2023/04/13 v2.5m Standard LaTeX font definitions
)
LaTeX Font Info:    Font shape `OML/cmr/m/n' in size <10> not available
(Font)              Font shape `OML/cmm/m/it' tried instead on input line 104.


[2]
Underfull \hbox (badness 10000) in paragraph at lines 140--142

 []


Underfull \hbox (badness 10000) in paragraph at lines 162--163

 []



[3]

[4]
Underfull \hbox (badness 10000) in paragraph at lines 271--277

 []



[5]
Underfull \hbox (badness 10000) in paragraph at lines 283--285

 []


Underfull \hbox (badness 10000) in paragraph at lines 286--287

 []

LaTeX Font Info:    Trying to load font information for OMS+cmr on input line 310.
(C:\Users\tomas\AppData\Local\Programs\MiKTeX\tex/latex/base\omscmr.fd
File: omscmr.fd 2023/04/13 v2.5m Standard LaTeX font definitions
)
LaTeX Font Info:    Font shape `OMS/cmr/m/n' in size <10> not available
(Font)              Font shape `OMS/cmsy/m/n' tried instead on input line 310.


[6]
Underfull \hbox (badness 10000) in paragraph at lines 349--350

 []



[7]
Underfull \hbox (badness 10000) in paragraph at lines 380--381

 []

<assets/foldr_grafico.png, id=354, 466.74374pt x 217.5628pt>
File: assets/foldr_grafico.png Graphic file (type png)
<use assets/foldr_grafico.png>
Package pdftex.def Info: assets/foldr_grafico.png  used on input line 439.
(pdftex.def)             Requested size: 270.3012pt x 126.00061pt.
<assets/suma_foldr.png, id=355, 456.20438pt x 166.37157pt>
File: assets/suma_foldr.png Graphic file (type png)
<use assets/suma_foldr.png>
Package pdftex.def Info: assets/suma_foldr.png  used on input line 443.
(pdftex.def)             Requested size: 270.3012pt x 98.57722pt.

LaTeX Warning: `h' float specifier changed to `ht'.



[8]

LaTeX Warning: Hyper reference `subsec:foldr_ejercicios' on page 9 undefined on input line 469.


Underfull \hbox (badness 10000) in paragraph at lines 478--481

 []

<assets/foldl_grafico.png, id=400, 519.44063pt x 239.39438pt>
File: assets/foldl_grafico.png Graphic file (type png)
<use assets/foldl_grafico.png>
Package pdftex.def Info: assets/foldl_grafico.png  used on input line 494.
(pdftex.def)             Requested size: 270.3012pt x 124.57346pt.
<assets/bin2dec_foldl.png, id=401, 484.05844pt x 251.43938pt>
File: assets/bin2dec_foldl.png Graphic file (type png)
<use assets/bin2dec_foldl.png>
Package pdftex.def Info: assets/bin2dec_foldl.png  used on input line 498.
(pdftex.def)             Requested size: 270.3012pt x 140.4099pt.

LaTeX Warning: `h' float specifier changed to `ht'.



[9 <./assets/foldr_grafico.png> <./assets/suma_foldr.png>]
Underfull \hbox (badness 10000) in paragraph at lines 509--510

 []



[10 <./assets/foldl_grafico.png> <./assets/bin2dec_foldl.png>]
Underfull \hbox (badness 10000) in paragraph at lines 578--580

 []



[11]

[12]
<assets/principio_reemplazo_dibujo.jpg, id=495, 1170.3725pt x 1284.8pt>
File: assets/principio_reemplazo_dibujo.jpg Graphic file (type jpg)
<use assets/principio_reemplazo_dibujo.jpg>
Package pdftex.def Info: assets/principio_reemplazo_dibujo.jpg  used on input line 665.
(pdftex.def)             Requested size: 486.53883pt x 534.10349pt.


[13 <./assets/principio_reemplazo_dibujo.jpg>]
<assets/induccion_booleanos_dibujo.jpg, id=503, 790.955pt x 1056.94875pt>
File: assets/induccion_booleanos_dibujo.jpg Graphic file (type jpg)
<use assets/induccion_booleanos_dibujo.jpg>
Package pdftex.def Info: assets/induccion_booleanos_dibujo.jpg  used on input line 685.
(pdftex.def)             Requested size: 378.42001pt x 505.68462pt.


[14]
<assets/induccion_pares.png, id=510, 576.65437pt x 253.69781pt>
File: assets/induccion_pares.png Graphic file (type png)
<use assets/induccion_pares.png>
Package pdftex.def Info: assets/induccion_pares.png  used on input line 690.
(pdftex.def)             Requested size: 378.42001pt x 166.49265pt.


[15 <./assets/induccion_booleanos_dibujo.jpg>]
<assets/induccion_pares_dibujo.jpg, id=516, 1045.9075pt x 760.8425pt>
File: assets/induccion_pares_dibujo.jpg Graphic file (type jpg)
<use assets/induccion_pares_dibujo.jpg>
Package pdftex.def Info: assets/induccion_pares_dibujo.jpg  used on input line 693.
(pdftex.def)             Requested size: 378.42001pt x 275.28462pt.
<assets/induccion_naturales.png, id=517, 642.90187pt x 452.4403pt>
File: assets/induccion_naturales.png Graphic file (type png)
<use assets/induccion_naturales.png>
Package pdftex.def Info: assets/induccion_naturales.png  used on input line 702.
(pdftex.def)             Requested size: 378.42001pt x 266.31613pt.


[16 <./assets/induccion_pares.png> <./assets/induccion_pares_dibujo.jpg>]
<assets/induccion_naturales_dibujo.jpg, id=524, 1129.21875pt x 1137.24875pt>
File: assets/induccion_naturales_dibujo.jpg Graphic file (type jpg)
<use assets/induccion_naturales_dibujo.jpg>
Package pdftex.def Info: assets/induccion_naturales_dibujo.jpg  used on input line 705.
(pdftex.def)             Requested size: 378.42001pt x 381.1065pt.
<assets/induccion_listas_dibujo.jpg, id=525, 999.735pt x 1606.0pt>
File: assets/induccion_listas_dibujo.jpg Graphic file (type jpg)
<use assets/induccion_listas_dibujo.jpg>
Package pdftex.def Info: assets/induccion_listas_dibujo.jpg  used on input line 716.
(pdftex.def)             Requested size: 486.53883pt x 781.58018pt.


[17 <./assets/induccion_naturales.png> <./assets/induccion_naturales_dibujo.jpg>]
Overfull \vbox (56.3499pt too high) has occurred while \output is active []



[18 <./assets/induccion_listas_dibujo.jpg>]
<assets/principio_induccion_ab.png, id=536, 645.91313pt x 365.86688pt>
File: assets/principio_induccion_ab.png Graphic file (type png)
<use assets/principio_induccion_ab.png>
Package pdftex.def Info: assets/principio_induccion_ab.png  used on input line 720.
(pdftex.def)             Requested size: 378.42001pt x 214.34668pt.
<assets/principio_induccion_polinomios.png, id=537, 620.3175pt x 479.54156pt>
File: assets/principio_induccion_polinomios.png Graphic file (type png)
<use assets/principio_induccion_polinomios.png>
Package pdftex.def Info: assets/principio_induccion_polinomios.png  used on input line 724.
(pdftex.def)             Requested size: 378.42001pt x 292.54187pt.


[19 <./assets/principio_induccion_ab.png> <./assets/principio_induccion_polinomios.png>]

[20]

[21]
Underfull \hbox (badness 10000) in paragraph at lines 849--850

 []


Underfull \hbox (badness 10000) in paragraph at lines 856--857

 []



[22]

[23]

[24]
Underfull \hbox (badness 10000) in paragraph at lines 1063--1064

 []


Underfull \hbox (badness 10000) in paragraph at lines 1082--1084

 []



[25]

[26]

[27]

[28]

[29]
<assets/logica_1.png, id=882, 713.66624pt x 352.31625pt>
File: assets/logica_1.png Graphic file (type png)
<use assets/logica_1.png>
Package pdftex.def Info: assets/logica_1.png  used on input line 1339.
(pdftex.def)             Requested size: 270.3012pt x 133.44073pt.
<assets/logica_2.png, id=883, 424.58624pt x 219.82124pt>
File: assets/logica_2.png Graphic file (type png)
<use assets/logica_2.png>
Package pdftex.def Info: assets/logica_2.png  used on input line 1342.
(pdftex.def)             Requested size: 270.3012pt x 139.95053pt.


[30 <./assets/logica_1.png>]
Underfull \hbox (badness 10000) in paragraph at lines 1345--1347

 []


Underfull \hbox (badness 10000) in paragraph at lines 1353--1354

 []



[31 <./assets/logica_2.png>]
Underfull \hbox (badness 10000) in paragraph at lines 1414--1417

 []



[32]
Underfull \hbox (badness 10000) in paragraph at lines 1437--1442

 []


Underfull \hbox (badness 10000) in paragraph at lines 1451--1452

 []

<assets/tipado.jpg, id=911, 1606.0pt x 617.30624pt>
File: assets/tipado.jpg Graphic file (type jpg)
<use assets/tipado.jpg>
Package pdftex.def Info: assets/tipado.jpg  used on input line 1465.
(pdftex.def)             Requested size: 540.60239pt x 207.79967pt.
<assets/sistema_tipos.png, id=912, 807.015pt x 144.54pt>
File: assets/sistema_tipos.png Graphic file (type png)
<use assets/sistema_tipos.png>
Package pdftex.def Info: assets/sistema_tipos.png  used on input line 1470.
(pdftex.def)             Requested size: 540.60239pt x 96.82584pt.


[33 <./assets/tipado.jpg>]
<assets/tipado_operaciones2.png, id=917, 497.60907pt x 300.3722pt>
File: assets/tipado_operaciones2.png Graphic file (type png)
<use assets/tipado_operaciones2.png>
Package pdftex.def Info: assets/tipado_operaciones2.png  used on input line 1483.
(pdftex.def)             Requested size: 378.42001pt x 228.43188pt.


[34 <./assets/sistema_tipos.png> <./assets/tipado_operaciones2.png>]
<assets/tipado_operaciones.jpg, id=925, 1167.36125pt x 933.4875pt>
File: assets/tipado_operaciones.jpg Graphic file (type jpg)
<use assets/tipado_operaciones.jpg>
Package pdftex.def Info: assets/tipado_operaciones.jpg  used on input line 1518.
(pdftex.def)             Requested size: 432.48355pt x 345.84077pt.
<assets/tipado_condicional.jpg, id=926, 1284.8pt x 444.66125pt>
File: assets/tipado_condicional.jpg Graphic file (type jpg)
<use assets/tipado_condicional.jpg>
Package pdftex.def Info: assets/tipado_condicional.jpg  used on input line 1521.
(pdftex.def)             Requested size: 432.48355pt x 149.67656pt.


[35 <./assets/tipado_operaciones.jpg>]
<assets/alfa_reduccion.jpg, id=931, 1284.8pt x 956.57375pt>
File: assets/alfa_reduccion.jpg Graphic file (type jpg)
<use assets/alfa_reduccion.jpg>
Package pdftex.def Info: assets/alfa_reduccion.jpg  used on input line 1528.
(pdftex.def)             Requested size: 486.53883pt x 362.24654pt.


[36 <./assets/tipado_condicional.jpg> <./assets/alfa_reduccion.jpg>]

[37]
<assets/reglas_congruencia_computo.png, id=943, 977.90344pt x 350.05782pt>
File: assets/reglas_congruencia_computo.png Graphic file (type png)
<use assets/reglas_congruencia_computo.png>
Package pdftex.def Info: assets/reglas_congruencia_computo.png  used on input line 1588.
(pdftex.def)             Requested size: 486.53883pt x 174.16849pt.
<assets/semantica-operacional-ej.jpg, id=944, 1204.5pt x 1427.3325pt>
File: assets/semantica-operacional-ej.jpg Graphic file (type jpg)
<use assets/semantica-operacional-ej.jpg>
Package pdftex.def Info: assets/semantica-operacional-ej.jpg  used on input line 1596.
(pdftex.def)             Requested size: 486.53883pt x 576.54195pt.


[38 <./assets/reglas_congruencia_computo.png>]

[39 <./assets/semantica-operacional-ej.jpg>]
<assets/def_sustitucion.png, id=955, 667.74469pt x 408.77719pt>
File: assets/def_sustitucion.png Graphic file (type png)
<use assets/def_sustitucion.png>
Package pdftex.def Info: assets/def_sustitucion.png  used on input line 1608.
(pdftex.def)             Requested size: 432.48355pt x 264.76016pt.
<assets/extension_naturales.png, id=956, 830.35219pt x 365.86688pt>
File: assets/extension_naturales.png Graphic file (type png)
<use assets/extension_naturales.png>
Package pdftex.def Info: assets/extension_naturales.png  used on input line 1634.
(pdftex.def)             Requested size: 432.48355pt x 190.55891pt.


[40 <./assets/def_sustitucion.png>]
<assets/extension_naturales_semantica.png, id=961, 797.98125pt x 447.92343pt>
File: assets/extension_naturales_semantica.png Graphic file (type png)
<use assets/extension_naturales_semantica.png>
Package pdftex.def Info: assets/extension_naturales_semantica.png  used on input line 1638.
(pdftex.def)             Requested size: 432.48355pt x 242.76357pt.
<assets/macros.png, id=962, 903.375pt x 123.46124pt>
File: assets/macros.png Graphic file (type png)
<use assets/macros.png>
Package pdftex.def Info: assets/macros.png  used on input line 1645.
(pdftex.def)             Requested size: 432.48355pt x 59.10623pt.
<assets/forma_normal.png, id=963, 892.08281pt x 487.8225pt>
File: assets/forma_normal.png Graphic file (type png)
<use assets/forma_normal.png>
Package pdftex.def Info: assets/forma_normal.png  used on input line 1649.
(pdftex.def)             Requested size: 432.48355pt x 236.49686pt.


[41 <./assets/extension_naturales.png> <./assets/extension_naturales_semantica.png> <./assets/macros.png>]
Overfull \hbox (24.81166pt too wide) in paragraph at lines 1655--1661
[]   []   []
 []


Underfull \hbox (badness 10000) in paragraph at lines 1655--1661

 []


Underfull \hbox (badness 10000) in paragraph at lines 1662--1664

 []


Underfull \hbox (badness 10000) in paragraph at lines 1668--1670

 []

<assets/juicio_tipado_lambda.jpg, id=968, 1049.9225pt x 552.0625pt>
File: assets/juicio_tipado_lambda.jpg Graphic file (type jpg)
<use assets/juicio_tipado_lambda.jpg>
Package pdftex.def Info: assets/juicio_tipado_lambda.jpg  used on input line 1671.
(pdftex.def)             Requested size: 432.48355pt x 227.40005pt.


[42 <./assets/forma_normal.png>]
<assets/juicio_tipado_lambda_2.jpg, id=975, 839.135pt x 539.01375pt>
File: assets/juicio_tipado_lambda_2.jpg Graphic file (type jpg)
<use assets/juicio_tipado_lambda_2.jpg>
Package pdftex.def Info: assets/juicio_tipado_lambda_2.jpg  used on input line 1675.
(pdftex.def)             Requested size: 432.48355pt x 277.8049pt.
<assets/conjuncion_lambda.jpg, id=976, 663.47874pt x 610.28pt>
File: assets/conjuncion_lambda.jpg Graphic file (type jpg)
<use assets/conjuncion_lambda.jpg>
Package pdftex.def Info: assets/conjuncion_lambda.jpg  used on input line 1689.
(pdftex.def)             Requested size: 324.36473pt x 298.36003pt.


[43 <./assets/juicio_tipado_lambda.jpg> <./assets/juicio_tipado_lambda_2.jpg>]
<assets/producto_corte.jpg, id=982, 892.33376pt x 318.18875pt>
File: assets/producto_corte.jpg Graphic file (type jpg)
<use assets/producto_corte.jpg>
Package pdftex.def Info: assets/producto_corte.jpg  used on input line 1693.
(pdftex.def)             Requested size: 324.36473pt x 115.66454pt.
<assets/disyuncion.jpg, id=983, 758.835pt x 1284.8pt>
File: assets/disyuncion.jpg Graphic file (type jpg)
<use assets/disyuncion.jpg>
Package pdftex.def Info: assets/disyuncion.jpg  used on input line 1699.
(pdftex.def)             Requested size: 400.04872pt x 677.33356pt.


[44 <./assets/conjuncion_lambda.jpg> <./assets/producto_corte.jpg>]
<assets/absurdo_lambda.jpg, id=988, 581.17125pt x 285.065pt>
File: assets/absurdo_lambda.jpg Graphic file (type jpg)
<use assets/absurdo_lambda.jpg>
Package pdftex.def Info: assets/absurdo_lambda.jpg  used on input line 1704.
(pdftex.def)             Requested size: 378.42001pt x 185.61627pt.


[45 <./assets/disyuncion.jpg>]
Underfull \hbox (badness 10000) in paragraph at lines 1719--1721

 []

<assets/extension_lambda_t.png, id=993, 277.035pt x 67.0003pt>
File: assets/extension_lambda_t.png Graphic file (type png)
<use assets/extension_lambda_t.png>
Package pdftex.def Info: assets/extension_lambda_t.png  used on input line 1725.
(pdftex.def)             Requested size: 162.18236pt x 39.22311pt.


[46 <./assets/absurdo_lambda.jpg> <./assets/extension_lambda_t.png>]
<assets/fix_recursion.png, id=999, 523.9575pt x 179.92218pt>
File: assets/fix_recursion.png Graphic file (type png)
<use assets/fix_recursion.png>
Package pdftex.def Info: assets/fix_recursion.png  used on input line 1737.
(pdftex.def)             Requested size: 324.36473pt x 111.38586pt.

Underfull \hbox (badness 10000) in paragraph at lines 1752--1753

 []


Underfull \hbox (badness 10000) in paragraph at lines 1754--1755

 []


Underfull \hbox (badness 10000) in paragraph at lines 1756--1757

 []


Underfull \hbox (badness 10000) in paragraph at lines 1761--1763

 []


Underfull \hbox (badness 10000) in paragraph at lines 1764--1765

 []


Underfull \hbox (badness 10000) in paragraph at lines 1766--1767

 []



[47 <./assets/fix_recursion.png>]
<assets/abb_haskell.jpg, id=1008, 1133.23375pt x 842.14626pt>
File: assets/abb_haskell.jpg Graphic file (type jpg)
<use assets/abb_haskell.jpg>
Package pdftex.def Info: assets/abb_haskell.jpg  used on input line 1785.
(pdftex.def)             Requested size: 270.3012pt x 200.85992pt.

Overfull \hbox (0.33644pt too wide) in paragraph at lines 1789--1793
[]\OT1/cmr/m/n/10 Digamos que ne-ce-si-ta-mos cu-rri-fi-car una fun-ci^^Son que re-ci-be una tu-pla de ele-men-tos. Es de-cir, al-go as^^S^^P: $\OML/cmm/m/it/10 suma \OT1/cmr/m/n/10 :: (\OML/cmm/m/it/10 Int; Int\OT1/cmr/m/n/10 )\OMS/cmsy/m/n/10 ^^@ \OML/cmm/m/it/10 >
 []


Underfull \hbox (badness 10000) in paragraph at lines 1806--1807

 []



[48 <./assets/abb_haskell.jpg>]
<assets/armar_pares_2.jpg, id=1030, 1284.8pt x 806.01125pt>
File: assets/armar_pares_2.jpg Graphic file (type jpg)
<use assets/armar_pares_2.jpg>
Package pdftex.def Info: assets/armar_pares_2.jpg  used on input line 1849.
(pdftex.def)             Requested size: 486.53883pt x 305.22977pt.


[49 <./assets/armar_pares_2.jpg>]
Overfull \hbox (25.57738pt too wide) in paragraph at lines 1885--1886
[]\OT1/cmr/m/n/10 ?`Puede ha-cer-se al-go me-jor? No. Es-to es el equi-va-len-te a un len-gua-je im-pe-ra-ti-vo ha-cer do-bla-rE-le-men-tos(filtrarPares(lista)) 
 []



[50]
Overfull \hbox (8.3642pt too wide) in paragraph at lines 1947--1948
[]\OT1/cmr/m/n/10 3. Por ^^Sulti-mo, pa-ra apli-car a to-dos los ele-men-tos de la lis-ta po-de-mos usar map de la si-guien-te for-ma: $\OML/cmm/m/it/10 map \OT1/cmr/m/n/10 (\OML/cmm/m/it/10 uncurryf\OT1/cmr/m/n/10 )(\OML/cmm/m/it/10 lista\OT1/cmr/m/n/10 )$ 
 []



[51]
Underfull \hbox (badness 10000) in paragraph at lines 1972--1973

 []

<assets/arbol_sintatico.jpg, id=1097, 871.255pt x 1606.0pt>
File: assets/arbol_sintatico.jpg Graphic file (type jpg)
<use assets/arbol_sintatico.jpg>
Package pdftex.def Info: assets/arbol_sintatico.jpg  used on input line 2010.
(pdftex.def)             Requested size: 324.36473pt x 597.88655pt.


[52]

Package caption Warning: Unused \captionsetup[sub] on input line 7.
See the caption package documentation for explanation.



[53 <./assets/arbol_sintatico.jpg>] (plp.aux
LaTeX Info: Redefining \. on input line 12.
LaTeX Info: Redefining \% on input line 12.
)
 ***********
LaTeX2e <2024-06-01> patch level 2
L3 programming layer <2024-05-27>
 ***********


LaTeX Warning: There were undefined references.

Package rerunfilecheck Info: File `plp.out' has not changed.
(rerunfilecheck)             Checksum: 827A61C755CACB52A8BADA17DA87A51B;8218.
 ) 
Here is how much of TeX's memory you used:
 44640 strings out of 473904
 1020159 string characters out of 5726600
 2347908 words of memory out of 5000000
 66290 multiletter control sequences out of 15000+600000
 568820 words of font info for 77 fonts, out of 8000000 for 9000
 1141 hyphenation exceptions out of 8191
 84i,10n,93p,624b,1945s stack positions out of 10000i,1000n,20000p,200000b,200000s
 <C:\Users\tomas\AppData\Local\MiKTeX\fonts/pk/ljfour/jknappen/ec/dpi600\tcbx1440.pk> <C:\Users\tomas\AppData\Local\MiKTeX\fonts/pk/ljfour/jknappen/ec/dpi600\tcrm1000.pk><C:/Users/tomas/AppData/Local/Programs/MiKTeX/fonts/type1/public/amsfonts/cm/cmbx10.pfb><C:/Users/tomas/AppData/Local/Programs/MiKTeX/fonts/type1/public/amsfonts/cm/cmbx12.pfb><C:/Users/tomas/AppData/Local/Programs/MiKTeX/fonts/type1/public/amsfonts/cm/cmmi10.pfb><C:/Users/tomas/AppData/Local/Programs/MiKTeX/fonts/type1/public/amsfonts/cm/cmmi12.pfb><C:/Users/tomas/AppData/Local/Programs/MiKTeX/fonts/type1/public/amsfonts/cm/cmmi7.pfb><C:/Users/tomas/AppData/Local/Programs/MiKTeX/fonts/type1/public/amsfonts/cm/cmr10.pfb><C:/Users/tomas/AppData/Local/Programs/MiKTeX/fonts/type1/public/amsfonts/cm/cmr12.pfb><C:/Users/tomas/AppData/Local/Programs/MiKTeX/fonts/type1/public/amsfonts/cm/cmr17.pfb><C:/Users/tomas/AppData/Local/Programs/MiKTeX/fonts/type1/public/amsfonts/cm/cmr5.pfb><C:/Users/tomas/AppData/Local/Programs/MiKTeX/fonts/type1/public/amsfonts/cm/cmr7.pfb><C:/Users/tomas/AppData/Local/Programs/MiKTeX/fonts/type1/public/amsfonts/cm/cmsy10.pfb><C:/Users/tomas/AppData/Local/Programs/MiKTeX/fonts/type1/public/amsfonts/cm/cmsy7.pfb><C:/Users/tomas/AppData/Local/Programs/MiKTeX/fonts/type1/public/amsfonts/cm/cmti10.pfb><C:/Users/tomas/AppData/Local/Programs/MiKTeX/fonts/type1/public/amsfonts/symbols/msam10.pfb><C:/Users/tomas/AppData/Local/Programs/MiKTeX/fonts/type1/public/amsfonts/symbols/msbm10.pfb>
Output written on plp.pdf (53 pages, 2794805 bytes).
PDF statistics:
 1353 PDF objects out of 1440 (max. 8388607)
 746 named destinations out of 1000 (max. 500000)
 589 words of extra memory for PDF output out of 10000 (max. 10000000)

