\BOOKMARK [2][-]{subsection.0.1}{\376\377\000T\000i\000p\000o\000s\000\040\000e\000n\000\040\000C\000\341\000l\000c\000u\000l\000o\000\040\000L\000a\000m\000b\000d\000a}{}% 1
\BOOKMARK [2][-]{subsection.0.2}{\376\377\000S\000e\000m\000\341\000n\000t\000i\000c\000a\000\040\000O\000p\000e\000r\000a\000c\000i\000o\000n\000a\000l}{}% 2
\BOOKMARK [3][-]{subsubsection.0.2.1}{\376\377\000C\000a\000p\000t\000u\000r\000a\000\040\000d\000e\000\040\000v\000a\000r\000i\000a\000b\000l\000e\000s}{subsection.0.2}% 3
\BOOKMARK [3][-]{subsubsection.0.2.2}{\376\377\000C\000o\000n\000j\000u\000n\000t\000o\000\040\000d\000e\000\040\000V\000a\000r\000i\000a\000b\000l\000e\000s\000\040\000L\000i\000b\000r\000e\000s}{subsection.0.2}% 4
\BOOKMARK [2][-]{subsection.0.3}{\376\377\000S\000i\000s\000t\000e\000m\000a\000\040\000d\000e\000\040\000T\000i\000p\000o\000s}{}% 5
\BOOKMARK [2][-]{subsection.0.4}{\376\377\000C\000o\000n\000t\000e\000x\000t\000o}{}% 6
\BOOKMARK [3][-]{subsubsection.0.4.1}{\376\377\000C\000o\000n\000t\000e\000x\000t\000o\000\040\000d\000e\000\040\000T\000i\000p\000a\000d\000o}{subsection.0.4}% 7
\BOOKMARK [3][-]{subsubsection.0.4.2}{\376\377\000J\000u\000i\000c\000i\000o\000s\000\040\000d\000e\000\040\000T\000i\000p\000a\000d\000o}{subsection.0.4}% 8
\BOOKMARK [2][-]{subsection.0.5}{\376\377\000S\000i\000s\000t\000e\000m\000a\000\040\000d\000e\000\040\000t\000i\000p\000o\000s}{}% 9
\BOOKMARK [3][-]{subsubsection.0.5.1}{\376\377\000\301\000r\000b\000o\000l\000\040\000S\000i\000n\000t\000\341\000t\000i\000c\000o}{subsection.0.5}% 10
\BOOKMARK [3][-]{subsubsection.0.5.2}{\376\377\000T\000\351\000r\000m\000i\000n\000o\000\040\000B\000u\000e\000n\000o}{subsection.0.5}% 11
\BOOKMARK [3][-]{subsubsection.0.5.3}{\376\377\000T\000\351\000r\000m\000i\000n\000o\000\040\000V\000\341\000l\000i\000d\000o}{subsection.0.5}% 12
\BOOKMARK [3][-]{subsubsection.0.5.4}{\376\377\000T\000\351\000r\000m\000i\000n\000o\000\040\000C\000e\000r\000r\000a\000d\000o}{subsection.0.5}% 13
\BOOKMARK [3][-]{subsubsection.0.5.5}{\376\377\000C\000o\000n\000t\000e\000x\000t\000o\000\040\000V\000a\000c\000i\000o}{subsection.0.5}% 14
\BOOKMARK [3][-]{subsubsection.0.5.6}{\376\377\000T\000i\000p\000a\000n\000d\000o\000\040\000o\000p\000e\000r\000a\000c\000i\000o\000n\000e\000s}{subsection.0.5}% 15
\BOOKMARK [3][-]{subsubsection.0.5.7}{\376\377\000C\000l\000a\000s\000e\000s\000\040\000d\000e\000\040\000E\000q\000u\000i\000v\000a\000l\000e\000n\000c\000i\000a\000\040\000\050\000A\000l\000f\000a\000\040\000e\000q\000u\000i\000v\000a\000l\000e\000n\000c\000i\000a\000\051}{subsection.0.5}% 16
\BOOKMARK [3][-]{subsubsection.0.5.8}{\376\377\000A\000p\000l\000i\000c\000a\000n\000d\000o\000\040\000C\000l\000a\000s\000e\000s\000\040\000d\000e\000\040\000E\000q\000u\000i\000v\000a\000l\000e\000n\000c\000i\000a}{subsection.0.5}% 17
\BOOKMARK [3][-]{subsubsection.0.5.9}{\376\377\000U\000n\000i\000c\000i\000d\000a\000d\000\040\000d\000e\000\040\000T\000i\000p\000o\000s}{subsection.0.5}% 18
\BOOKMARK [3][-]{subsubsection.0.5.10}{\376\377\000T\000e\000o\000r\000e\000m\000a\000\040\000\050\000W\000e\000a\000k\000e\000n\000i\000n\000g\000\040\000+\000\040\000S\000t\000r\000e\000n\000g\000t\000h\000e\000n\000i\000n\000g\000\051}{subsection.0.5}% 19
\BOOKMARK [2][-]{subsection.0.6}{\376\377\000T\000i\000p\000o\000s\000\040\000H\000a\000b\000i\000t\000a\000d\000o\000s}{}% 20
\BOOKMARK [2][-]{subsection.0.7}{\376\377\000S\000e\000m\000\341\000n\000t\000i\000c\000a\000\040\000F\000o\000r\000m\000a\000l}{}% 21
\BOOKMARK [3][-]{subsubsection.0.7.1}{\376\377\000S\000m\000a\000l\000l\000-\000S\000t\000e\000p}{subsection.0.7}% 22
\BOOKMARK [3][-]{subsubsection.0.7.2}{\376\377\000V\000a\000l\000o\000r\000e\000s}{subsection.0.7}% 23
\BOOKMARK [2][-]{subsection.0.8}{\376\377\000S\000e\000m\000\341\000n\000t\000i\000c\000a\000\040\000O\000p\000e\000r\000a\000c\000i\000o\000n\000a\000l\000\040\000s\000m\000a\000l\000l\000-\000s\000t\000e\000p}{}% 24
\BOOKMARK [3][-]{subsubsection.0.8.1}{\376\377\000S\000u\000s\000t\000i\000t\000u\000c\000i\000\363\000n}{subsection.0.8}% 25
\BOOKMARK [2][-]{subsection.0.9}{\376\377\000P\000r\000o\000p\000i\000e\000d\000a\000d\000e\000s\000\040\000d\000e\000\040\000l\000a\000\040\000E\000v\000a\000l\000u\000a\000c\000i\000\363\000n}{}% 26
\BOOKMARK [3][-]{subsubsection.0.9.1}{\376\377\000T\000e\000o\000r\000e\000m\000a\000\040\000\050\000D\000e\000t\000e\000r\000m\000i\000n\000i\000s\000m\000o\000\051}{subsection.0.9}% 27
\BOOKMARK [3][-]{subsubsection.0.9.2}{\376\377\000T\000e\000o\000r\000e\000m\000a\000\040\000\050\000P\000r\000e\000s\000e\000r\000v\000a\000c\000i\000\363\000n\000\040\000d\000e\000\040\000T\000i\000p\000o\000s\000\040\000o\000\040\000S\000u\000b\000j\000e\000c\000t\000\040\000R\000e\000d\000u\000c\000t\000i\000o\000n\000\051}{subsection.0.9}% 28
\BOOKMARK [3][-]{subsubsection.0.9.3}{\376\377\000T\000e\000o\000r\000e\000m\000a\000\040\000\050\000P\000r\000o\000g\000r\000e\000s\000o\000\051}{subsection.0.9}% 29
\BOOKMARK [3][-]{subsubsection.0.9.4}{\376\377\000T\000e\000o\000r\000e\000m\000a\000\040\000\050\000T\000e\000r\000m\000i\000n\000a\000c\000i\000\363\000n\000\051}{subsection.0.9}% 30
\BOOKMARK [3][-]{subsubsection.0.9.5}{\376\377\000C\000a\000n\000o\000n\000i\000c\000i\000d\000a\000d}{subsection.0.9}% 31
